<?xml version="1.0" encoding="UTF-8"?>
<!-- Generated by org.testng.reporters.JUnitReportReporter -->
<testsuite skipped="0" hostname="DESKTOP-HGGBPMG" name="com.automation.testbase.Sample" tests="1" failures="0" timestamp="2021-08-15T07:13:47 IST" time="1.488" errors="0">
  <testcase name="report" time="1.488" classname="com.automation.testbase.Sample"/>
  <system-out/>
</testsuite> <!-- com.automation.testbase.Sample -->
